2020-08-12 21:52:43.071 [main] INFO  com.dxj.skc.SkcTest - Starting SkcTest on jianghehedeMacBook-Pro.local with PID 98185 (started by jianghehe in /Users/jianghehe/skc-spring-boot-starter)
2020-08-12 21:52:43.072 [main] INFO  com.dxj.skc.SkcTest - The following profiles are active: dev
2020-08-12 21:52:44.102 [main] INFO  o.s.d.r.config.RepositoryConfigurationDelegate - Multiple Spring Data modules found, entering strict repository configuration mode!
2020-08-12 21:52:44.104 [main] INFO  o.s.d.r.config.RepositoryConfigurationDelegate - Bootstrapping Spring Data repositories in DEFAULT mode.
2020-08-12 21:52:44.257 [main] INFO  o.s.d.r.config.RepositoryConfigurationDelegate - Finished Spring Data repository scanning in 149ms. Found 1 repository interfaces.
2020-08-12 21:52:44.264 [main] INFO  o.s.d.r.config.RepositoryConfigurationDelegate - Multiple Spring Data modules found, entering strict repository configuration mode!
2020-08-12 21:52:44.265 [main] INFO  o.s.d.r.config.RepositoryConfigurationDelegate - Bootstrapping Spring Data repositories in DEFAULT mode.
2020-08-12 21:52:44.280 [main] INFO  o.s.d.r.c.RepositoryConfigurationExtensionSupport - Spring Data JPA - Could not safely identify store assignment for repository candidate interface com.dxj.skc.es.dao.ItemRepository.
2020-08-12 21:52:44.280 [main] INFO  o.s.d.r.config.RepositoryConfigurationDelegate - Finished Spring Data repository scanning in 13ms. Found 0 repository interfaces.
2020-08-12 21:52:44.811 [main] INFO  o.s.c.s.PostProcessorRegistrationDelegate$BeanPostProcessorChecker - Bean 'org.springframework.amqp.rabbit.annotation.RabbitBootstrapConfiguration' of type [org.springframework.amqp.rabbit.annotation.RabbitBootstrapConfiguration$$EnhancerBySpringCGLIB$$60daa301] is not eligible for getting processed by all BeanPostProcessors (for example: not eligible for auto-proxying)
2020-08-12 21:52:44.927 [main] INFO  o.s.c.s.PostProcessorRegistrationDelegate$BeanPostProcessorChecker - Bean 'org.springframework.transaction.annotation.ProxyTransactionManagementConfiguration' of type [org.springframework.transaction.annotation.ProxyTransactionManagementConfiguration$$EnhancerBySpringCGLIB$$9a6ee4d3] is not eligible for getting processed by all BeanPostProcessors (for example: not eligible for auto-proxying)
2020-08-12 21:52:45.097 [main] INFO  o.s.c.s.PostProcessorRegistrationDelegate$BeanPostProcessorChecker - Bean 'redisConfig' of type [com.dxj.skc.config.RedisConfig$$EnhancerBySpringCGLIB$$d969b711] is not eligible for getting processed by all BeanPostProcessors (for example: not eligible for auto-proxying)
2020-08-12 21:52:45.134 [main] INFO  com.dxj.skc.config.RedisConfig - 初始化 -> [Redis CacheErrorHandler]
2020-08-12 21:52:45.137 [main] INFO  o.s.c.s.PostProcessorRegistrationDelegate$BeanPostProcessorChecker - Bean 'errorHandler' of type [com.dxj.skc.config.RedisConfig$1] is not eligible for getting processed by all BeanPostProcessors (for example: not eligible for auto-proxying)
2020-08-12 21:52:45.257 [main] INFO  c.a.d.s.b.a.DruidDataSourceAutoConfigure - Init DruidDataSource
2020-08-12 21:52:45.599 [main] INFO  jdbc.connection - 1. Connection opened
2020-08-12 21:52:45.599 [main] INFO  jdbc.audit - 1. Connection.new Connection returned 
2020-08-12 21:52:45.601 [main] INFO  jdbc.audit - 1. Connection.getAutoCommit() returned true
2020-08-12 21:52:45.602 [main] INFO  jdbc.audit - 1. Connection.isClosed() returned false
2020-08-12 21:52:45.609 [main] INFO  jdbc.audit - 1. Statement.new Statement returned 
2020-08-12 21:52:45.609 [main] INFO  jdbc.audit - 1. Connection.createStatement() returned net.sf.log4jdbc.sql.jdbcapi.StatementSpy@45ab3bdd
2020-08-12 21:52:45.612 [main] INFO  jdbc.audit - 1. Connection.getAutoCommit() returned true
2020-08-12 21:52:45.614 [main] INFO  jdbc.sqlonly - select 1 

2020-08-12 21:52:45.622 [main] INFO  jdbc.sqltiming - select 1 
 {executed in 8 msec}
2020-08-12 21:52:45.626 [main] INFO  jdbc.resultset - 1. ResultSet.new ResultSet returned 
2020-08-12 21:52:45.627 [main] INFO  jdbc.audit - 1. Statement.executeQuery(select 1) returned net.sf.log4jdbc.sql.jdbcapi.ResultSetSpy@31a2a9fa
2020-08-12 21:52:45.630 [main] INFO  jdbc.resultset - 1. ResultSet.next() returned true
2020-08-12 21:52:45.631 [main] INFO  jdbc.resultsettable - 
|--|
|1 |
|--|
|--|

2020-08-12 21:52:45.631 [main] INFO  jdbc.resultset - 1. ResultSet.close() returned void
2020-08-12 21:52:45.631 [main] INFO  jdbc.audit - 1. Statement.close() returned 
2020-08-12 21:52:45.632 [main] INFO  jdbc.audit - 1. Connection.getAutoCommit() returned true
2020-08-12 21:52:45.632 [main] INFO  jdbc.audit - 1. Connection.getHoldability() returned 2
2020-08-12 21:52:45.632 [main] INFO  jdbc.audit - 1. Connection.isReadOnly() returned false
2020-08-12 21:52:45.633 [main] INFO  jdbc.audit - 1. Connection.getTransactionIsolation() returned 4
2020-08-12 21:52:45.636 [main] INFO  jdbc.connection - 2. Connection opened
2020-08-12 21:52:45.636 [main] INFO  jdbc.audit - 2. Connection.new Connection returned 
2020-08-12 21:52:45.637 [main] INFO  jdbc.audit - 2. Connection.getAutoCommit() returned true
2020-08-12 21:52:45.637 [main] INFO  jdbc.audit - 2. Connection.isClosed() returned false
2020-08-12 21:52:45.637 [main] INFO  jdbc.audit - 2. Statement.new Statement returned 
2020-08-12 21:52:45.637 [main] INFO  jdbc.audit - 2. Connection.createStatement() returned net.sf.log4jdbc.sql.jdbcapi.StatementSpy@6af90849
2020-08-12 21:52:45.637 [main] INFO  jdbc.audit - 2. Connection.getAutoCommit() returned true
2020-08-12 21:52:45.637 [main] INFO  jdbc.sqlonly - select 1 

2020-08-12 21:52:45.637 [main] INFO  jdbc.sqltiming - select 1 
 {executed in 0 msec}
2020-08-12 21:52:45.637 [main] INFO  jdbc.resultset - 2. ResultSet.new ResultSet returned 
2020-08-12 21:52:45.638 [main] INFO  jdbc.audit - 2. Statement.executeQuery(select 1) returned net.sf.log4jdbc.sql.jdbcapi.ResultSetSpy@1d06f16f
2020-08-12 21:52:45.638 [main] INFO  jdbc.resultset - 2. ResultSet.next() returned true
2020-08-12 21:52:45.638 [main] INFO  jdbc.resultsettable - 
|--|
|1 |
|--|
|--|

2020-08-12 21:52:45.638 [main] INFO  jdbc.resultset - 2. ResultSet.close() returned void
2020-08-12 21:52:45.638 [main] INFO  jdbc.audit - 2. Statement.close() returned 
2020-08-12 21:52:45.638 [main] INFO  jdbc.audit - 2. Connection.getAutoCommit() returned true
2020-08-12 21:52:45.638 [main] INFO  jdbc.audit - 2. Connection.getHoldability() returned 2
2020-08-12 21:52:45.638 [main] INFO  jdbc.audit - 2. Connection.isReadOnly() returned false
2020-08-12 21:52:45.639 [main] INFO  jdbc.audit - 2. Connection.getTransactionIsolation() returned 4
2020-08-12 21:52:45.642 [main] INFO  jdbc.connection - 3. Connection opened
2020-08-12 21:52:45.642 [main] INFO  jdbc.audit - 3. Connection.new Connection returned 
2020-08-12 21:52:45.642 [main] INFO  jdbc.audit - 3. Connection.getAutoCommit() returned true
2020-08-12 21:52:45.642 [main] INFO  jdbc.audit - 3. Connection.isClosed() returned false
2020-08-12 21:52:45.642 [main] INFO  jdbc.audit - 3. Statement.new Statement returned 
2020-08-12 21:52:45.642 [main] INFO  jdbc.audit - 3. Connection.createStatement() returned net.sf.log4jdbc.sql.jdbcapi.StatementSpy@4a44cfc0
2020-08-12 21:52:45.642 [main] INFO  jdbc.audit - 3. Connection.getAutoCommit() returned true
2020-08-12 21:52:45.642 [main] INFO  jdbc.sqlonly - select 1 

2020-08-12 21:52:45.643 [main] INFO  jdbc.sqltiming - select 1 
 {executed in 1 msec}
2020-08-12 21:52:45.643 [main] INFO  jdbc.resultset - 3. ResultSet.new ResultSet returned 
2020-08-12 21:52:45.643 [main] INFO  jdbc.audit - 3. Statement.executeQuery(select 1) returned net.sf.log4jdbc.sql.jdbcapi.ResultSetSpy@60e3c26e
2020-08-12 21:52:45.643 [main] INFO  jdbc.resultset - 3. ResultSet.next() returned true
2020-08-12 21:52:45.643 [main] INFO  jdbc.resultsettable - 
|--|
|1 |
|--|
|--|

2020-08-12 21:52:45.643 [main] INFO  jdbc.resultset - 3. ResultSet.close() returned void
2020-08-12 21:52:45.643 [main] INFO  jdbc.audit - 3. Statement.close() returned 
2020-08-12 21:52:45.643 [main] INFO  jdbc.audit - 3. Connection.getAutoCommit() returned true
2020-08-12 21:52:45.643 [main] INFO  jdbc.audit - 3. Connection.getHoldability() returned 2
2020-08-12 21:52:45.644 [main] INFO  jdbc.audit - 3. Connection.isReadOnly() returned false
2020-08-12 21:52:45.644 [main] INFO  jdbc.audit - 3. Connection.getTransactionIsolation() returned 4
2020-08-12 21:52:45.650 [main] INFO  com.alibaba.druid.pool.DruidDataSource - {dataSource-1} inited
2020-08-12 21:52:45.800 [main] INFO  jdbc.audit - 3. Connection.isClosed() returned false
2020-08-12 21:52:45.800 [main] INFO  jdbc.audit - 3. Connection.getMetaData() returned com.mysql.cj.jdbc.DatabaseMetaData@78d9f51b
2020-08-12 21:52:45.801 [main] INFO  jdbc.audit - 3. Connection.clearWarnings() returned 
2020-08-12 21:52:45.801 [main] INFO  jdbc.audit - 3. Connection.isClosed() returned false
2020-08-12 21:52:45.922 [main] INFO  org.hibernate.jpa.internal.util.LogHelper - HHH000204: Processing PersistenceUnitInfo [
	name: default
	...]
2020-08-12 21:52:45.993 [main] INFO  org.hibernate.Version - HHH000412: Hibernate Core {5.3.7.Final}
2020-08-12 21:52:45.995 [main] INFO  org.hibernate.cfg.Environment - HHH000206: hibernate.properties not found
2020-08-12 21:52:46.153 [main] INFO  org.hibernate.annotations.common.Version - HCANN000001: Hibernate Commons Annotations {5.0.4.Final}
2020-08-12 21:52:46.290 [main] INFO  jdbc.audit - 3. Connection.isClosed() returned false
2020-08-12 21:52:46.290 [main] INFO  jdbc.audit - 3. Connection.getMetaData() returned com.mysql.cj.jdbc.DatabaseMetaData@4168f3d9
2020-08-12 21:52:46.301 [main] INFO  org.hibernate.dialect.Dialect - HHH000400: Using dialect: org.hibernate.dialect.MySQL5InnoDBDialect
2020-08-12 21:52:46.337 [main] INFO  jdbc.audit - 3. Connection.clearWarnings() returned 
2020-08-12 21:52:46.338 [main] INFO  jdbc.audit - 3. Connection.isClosed() returned false
2020-08-12 21:52:47.046 [main] INFO  o.s.orm.jpa.LocalContainerEntityManagerFactoryBean - Initialized JPA EntityManagerFactory for persistence unit 'default'
2020-08-12 21:52:47.643 [main] INFO  c.dxj.skc.lock.curator.config.CuratorConfiguration - start initMethod...
2020-08-12 21:52:47.760 [main] INFO  o.a.curator.framework.imps.CuratorFrameworkImpl - Starting
2020-08-12 21:52:47.773 [main] INFO  org.apache.zookeeper.ZooKeeper - Client environment:zookeeper.version=3.4.13-2d71af4dbe22557fda74f9a9b4309b15a7487f03, built on 06/29/2018 00:39 GMT
2020-08-12 21:52:47.773 [main] INFO  org.apache.zookeeper.ZooKeeper - Client environment:host.name=192.168.31.247
2020-08-12 21:52:47.773 [main] INFO  org.apache.zookeeper.ZooKeeper - Client environment:java.version=1.8.0_202
2020-08-12 21:52:47.773 [main] INFO  org.apache.zookeeper.ZooKeeper - Client environment:java.vendor=Oracle Corporation
2020-08-12 21:52:47.773 [main] INFO  org.apache.zookeeper.ZooKeeper - Client environment:java.home=/Library/Java/JavaVirtualMachines/jdk1.8.0_202.jdk/Contents/Home/jre
2020-08-12 21:52:47.773 [main] INFO  org.apache.zookeeper.ZooKeeper - Client environment:java.class.path=/Applications/IntelliJ IDEA.app/Contents/lib/idea_rt.jar:/Applications/IntelliJ IDEA.app/Contents/plugins/junit/lib/junit-rt.jar:/Applications/IntelliJ IDEA.app/Contents/plugins/junit/lib/junit5-rt.jar:/Library/Java/JavaVirtualMachines/jdk1.8.0_202.jdk/Contents/Home/jre/lib/charsets.jar:/Library/Java/JavaVirtualMachines/jdk1.8.0_202.jdk/Contents/Home/jre/lib/deploy.jar:/Library/Java/JavaVirtualMachines/jdk1.8.0_202.jdk/Contents/Home/jre/lib/ext/cldrdata.jar:/Library/Java/JavaVirtualMachines/jdk1.8.0_202.jdk/Contents/Home/jre/lib/ext/dnsns.jar:/Library/Java/JavaVirtualMachines/jdk1.8.0_202.jdk/Contents/Home/jre/lib/ext/jaccess.jar:/Library/Java/JavaVirtualMachines/jdk1.8.0_202.jdk/Contents/Home/jre/lib/ext/jfxrt.jar:/Library/Java/JavaVirtualMachines/jdk1.8.0_202.jdk/Contents/Home/jre/lib/ext/localedata.jar:/Library/Java/JavaVirtualMachines/jdk1.8.0_202.jdk/Contents/Home/jre/lib/ext/nashorn.jar:/Library/Java/JavaVirtualMachines/jdk1.8.0_202.jdk/Contents/Home/jre/lib/ext/sunec.jar:/Library/Java/JavaVirtualMachines/jdk1.8.0_202.jdk/Contents/Home/jre/lib/ext/sunjce_provider.jar:/Library/Java/JavaVirtualMachines/jdk1.8.0_202.jdk/Contents/Home/jre/lib/ext/sunpkcs11.jar:/Library/Java/JavaVirtualMachines/jdk1.8.0_202.jdk/Contents/Home/jre/lib/ext/zipfs.jar:/Library/Java/JavaVirtualMachines/jdk1.8.0_202.jdk/Contents/Home/jre/lib/javaws.jar:/Library/Java/JavaVirtualMachines/jdk1.8.0_202.jdk/Contents/Home/jre/lib/jce.jar:/Library/Java/JavaVirtualMachines/jdk1.8.0_202.jdk/Contents/Home/jre/lib/jfr.jar:/Library/Java/JavaVirtualMachines/jdk1.8.0_202.jdk/Contents/Home/jre/lib/jfxswt.jar:/Library/Java/JavaVirtualMachines/jdk1.8.0_202.jdk/Contents/Home/jre/lib/jsse.jar:/Library/Java/JavaVirtualMachines/jdk1.8.0_202.jdk/Contents/Home/jre/lib/management-agent.jar:/Library/Java/JavaVirtualMachines/jdk1.8.0_202.jdk/Contents/Home/jre/lib/plugin.jar:/Library/Java/JavaVirtualMachines/jdk1.8.0_202.jdk/Contents/Home/jre/lib/resources.jar:/Library/Java/JavaVirtualMachines/jdk1.8.0_202.jdk/Contents/Home/jre/lib/rt.jar:/Library/Java/JavaVirtualMachines/jdk1.8.0_202.jdk/Contents/Home/lib/ant-javafx.jar:/Library/Java/JavaVirtualMachines/jdk1.8.0_202.jdk/Contents/Home/lib/dt.jar:/Library/Java/JavaVirtualMachines/jdk1.8.0_202.jdk/Contents/Home/lib/javafx-mx.jar:/Library/Java/JavaVirtualMachines/jdk1.8.0_202.jdk/Contents/Home/lib/jconsole.jar:/Library/Java/JavaVirtualMachines/jdk1.8.0_202.jdk/Contents/Home/lib/packager.jar:/Library/Java/JavaVirtualMachines/jdk1.8.0_202.jdk/Contents/Home/lib/sa-jdi.jar:/Library/Java/JavaVirtualMachines/jdk1.8.0_202.jdk/Contents/Home/lib/tools.jar:/Users/jianghehe/skc-spring-boot-starter/target/test-classes:/Users/jianghehe/skc-spring-boot-starter/target/classes:/Users/jianghehe/.m2/repository/org/springframework/boot/spring-boot-starter-data-jpa/2.1.0.RELEASE/spring-boot-starter-data-jpa-2.1.0.RELEASE.jar:/Users/jianghehe/.m2/repository/org/springframework/boot/spring-boot-starter-aop/2.1.0.RELEASE/spring-boot-starter-aop-2.1.0.RELEASE.jar:/Users/jianghehe/.m2/repository/org/springframework/spring-aop/5.1.2.RELEASE/spring-aop-5.1.2.RELEASE.jar:/Users/jianghehe/.m2/repository/org/aspectj/aspectjweaver/1.9.2/aspectjweaver-1.9.2.jar:/Users/jianghehe/.m2/repository/org/springframework/boot/spring-boot-starter-jdbc/2.1.0.RELEASE/spring-boot-starter-jdbc-2.1.0.RELEASE.jar:/Users/jianghehe/.m2/repository/com/zaxxer/HikariCP/3.2.0/HikariCP-3.2.0.jar:/Users/jianghehe/.m2/repository/org/springframework/spring-jdbc/5.1.2.RELEASE/spring-jdbc-5.1.2.RELEASE.jar:/Users/jianghehe/.m2/repository/javax/transaction/javax.transaction-api/1.3/javax.transaction-api-1.3.jar:/Users/jianghehe/.m2/repository/javax/xml/bind/jaxb-api/2.3.1/jaxb-api-2.3.1.jar:/Users/jianghehe/.m2/repository/javax/activation/javax.activation-api/1.2.0/javax.activation-api-1.2.0.jar:/Users/jianghehe/.m2/repository/org/hibernate/hibernate-core/5.3.7.Final/hibernate-core-5.3.7.Final.jar:/Users/jianghehe/.m2/repository/org/jboss/logging/jboss-logging/3.3.2.Final/jboss-logging-3.3.2.Final.jar:/Users/jianghehe/.m2/repository/javax/persistence/javax.persistence-api/2.2/javax.persistence-api-2.2.jar:/Users/jianghehe/.m2/repository/org/javassist/javassist/3.23.1-GA/javassist-3.23.1-GA.jar:/Users/jianghehe/.m2/repository/antlr/antlr/2.7.7/antlr-2.7.7.jar:/Users/jianghehe/.m2/repository/org/jboss/jandex/2.0.5.Final/jandex-2.0.5.Final.jar:/Users/jianghehe/.m2/repository/org/dom4j/dom4j/2.1.1/dom4j-2.1.1.jar:/Users/jianghehe/.m2/repository/org/hibernate/common/hibernate-commons-annotations/5.0.4.Final/hibernate-commons-annotations-5.0.4.Final.jar:/Users/jianghehe/.m2/repository/org/springframework/data/spring-data-jpa/2.1.2.RELEASE/spring-data-jpa-2.1.2.RELEASE.jar:/Users/jianghehe/.m2/repository/org/springframework/data/spring-data-commons/2.1.2.RELEASE/spring-data-commons-2.1.2.RELEASE.jar:/Users/jianghehe/.m2/repository/org/springframework/spring-orm/5.1.2.RELEASE/spring-orm-5.1.2.RELEASE.jar:/Users/jianghehe/.m2/repository/org/springframework/spring-context/5.1.2.RELEASE/spring-context-5.1.2.RELEASE.jar:/Users/jianghehe/.m2/repository/org/springframework/spring-tx/5.1.2.RELEASE/spring-tx-5.1.2.RELEASE.jar:/Users/jianghehe/.m2/repository/org/springframework/spring-beans/5.1.2.RELEASE/spring-beans-5.1.2.RELEASE.jar:/Users/jianghehe/.m2/repository/org/springframework/spring-aspects/5.1.2.RELEASE/spring-aspects-5.1.2.RELEASE.jar:/Users/jianghehe/.m2/repository/org/springframework/boot/spring-boot-starter-web/2.1.0.RELEASE/spring-boot-starter-web-2.1.0.RELEASE.jar:/Users/jianghehe/.m2/repository/org/springframework/boot/spring-boot-starter/2.1.0.RELEASE/spring-boot-starter-2.1.0.RELEASE.jar:/Users/jianghehe/.m2/repository/org/springframework/boot/spring-boot/2.1.0.RELEASE/spring-boot-2.1.0.RELEASE.jar:/Users/jianghehe/.m2/repository/org/springframework/boot/spring-boot-starter-logging/2.1.0.RELEASE/spring-boot-starter-logging-2.1.0.RELEASE.jar:/Users/jianghehe/.m2/repository/ch/qos/logback/logback-classic/1.2.3/logback-classic-1.2.3.jar:/Users/jianghehe/.m2/repository/ch/qos/logback/logback-core/1.2.3/logback-core-1.2.3.jar:/Users/jianghehe/.m2/repository/org/apache/logging/log4j/log4j-to-slf4j/2.11.1/log4j-to-slf4j-2.11.1.jar:/Users/jianghehe/.m2/repository/org/apache/logging/log4j/log4j-api/2.11.1/log4j-api-2.11.1.jar:/Users/jianghehe/.m2/repository/org/slf4j/jul-to-slf4j/1.7.25/jul-to-slf4j-1.7.25.jar:/Users/jianghehe/.m2/repository/javax/annotation/javax.annotation-api/1.3.2/javax.annotation-api-1.3.2.jar:/Users/jianghehe/.m2/repository/org/yaml/snakeyaml/1.23/snakeyaml-1.23.jar:/Users/jianghehe/.m2/repository/org/springframework/boot/spring-boot-starter-json/2.1.0.RELEASE/spring-boot-starter-json-2.1.0.RELEASE.jar:/Users/jianghehe/.m2/repository/com/fasterxml/jackson/datatype/jackson-datatype-jdk8/2.9.7/jackson-datatype-jdk8-2.9.7.jar:/Users/jianghehe/.m2/repository/com/fasterxml/jackson/datatype/jackson-datatype-jsr310/2.9.7/jackson-datatype-jsr310-2.9.7.jar:/Users/jianghehe/.m2/repository/com/fasterxml/jackson/module/jackson-module-parameter-names/2.9.7/jackson-module-parameter-names-2.9.7.jar:/Users/jianghehe/.m2/repository/org/springframework/boot/spring-boot-starter-tomcat/2.1.0.RELEASE/spring-boot-starter-tomcat-2.1.0.RELEASE.jar:/Users/jianghehe/.m2/repository/org/apache/tomcat/embed/tomcat-embed-core/9.0.12/tomcat-embed-core-9.0.12.jar:/Users/jianghehe/.m2/repository/org/apache/tomcat/embed/tomcat-embed-el/9.0.12/tomcat-embed-el-9.0.12.jar:/Users/jianghehe/.m2/repository/org/apache/tomcat/embed/tomcat-embed-websocket/9.0.12/tomcat-embed-websocket-9.0.12.jar:/Users/jianghehe/.m2/repository/org/hibernate/validator/hibernate-validator/6.0.13.Final/hibernate-validator-6.0.13.Final.jar:/Users/jianghehe/.m2/repository/javax/validation/validation-api/2.0.1.Final/validation-api-2.0.1.Final.jar:/Users/jianghehe/.m2/repository/org/springframework/spring-web/5.1.2.RELEASE/spring-web-5.1.2.RELEASE.jar:/Users/jianghehe/.m2/repository/org/springframework/spring-webmvc/5.1.2.RELEASE/spring-webmvc-5.1.2.RELEASE.jar:/Users/jianghehe/.m2/repository/org/springframework/spring-expression/5.1.2.RELEASE/spring-expression-5.1.2.RELEASE.jar:/Users/jianghehe/.m2/repository/org/springframework/boot/spring-boot-starter-test/2.1.0.RELEASE/spring-boot-starter-test-2.1.0.RELEASE.jar:/Users/jianghehe/.m2/repository/org/springframework/boot/spring-boot-test/2.1.0.RELEASE/spring-boot-test-2.1.0.RELEASE.jar:/Users/jianghehe/.m2/repository/org/springframework/boot/spring-boot-test-autoconfigure/2.1.0.RELEASE/spring-boot-test-autoconfigure-2.1.0.RELEASE.jar:/Users/jianghehe/.m2/repository/com/jayway/jsonpath/json-path/2.4.0/json-path-2.4.0.jar:/Users/jianghehe/.m2/repository/net/minidev/json-smart/2.3/json-smart-2.3.jar:/Users/jianghehe/.m2/repository/net/minidev/accessors-smart/1.2/accessors-smart-1.2.jar:/Users/jianghehe/.m2/repository/org/ow2/asm/asm/5.0.4/asm-5.0.4.jar:/Users/jianghehe/.m2/repository/junit/junit/4.12/junit-4.12.jar:/Users/jianghehe/.m2/repository/org/assertj/assertj-core/3.11.1/assertj-core-3.11.1.jar:/Users/jianghehe/.m2/repository/org/mockito/mockito-core/2.23.0/mockito-core-2.23.0.jar:/Users/jianghehe/.m2/repository/net/bytebuddy/byte-buddy-agent/1.9.3/byte-buddy-agent-1.9.3.jar:/Users/jianghehe/.m2/repository/org/objenesis/objenesis/2.6/objenesis-2.6.jar:/Users/jianghehe/.m2/repository/org/hamcrest/hamcrest-core/1.3/hamcrest-core-1.3.jar:/Users/jianghehe/.m2/repository/org/hamcrest/hamcrest-library/1.3/hamcrest-library-1.3.jar:/Users/jianghehe/.m2/repository/org/skyscreamer/jsonassert/1.5.0/jsonassert-1.5.0.jar:/Users/jianghehe/.m2/repository/com/vaadin/external/google/android-json/0.0.20131108.vaadin1/android-json-0.0.20131108.vaadin1.jar:/Users/jianghehe/.m2/repository/org/springframework/spring-core/5.1.2.RELEASE/spring-core-5.1.2.RELEASE.jar:/Users/jianghehe/.m2/repository/org/springframework/spring-jcl/5.1.2.RELEASE/spring-jcl-5.1.2.RELEASE.jar:/Users/jianghehe/.m2/repository/org/springframework/spring-test/5.1.2.RELEASE/spring-test-5.1.2.RELEASE.jar:/Users/jianghehe/.m2/repository/org/xmlunit/xmlunit-core/2.6.2/xmlunit-core-2.6.2.jar:/Users/jianghehe/.m2/repository/org/springframework/boot/spring-boot-starter-data-redis/2.1.0.RELEASE/spring-boot-starter-data-redis-2.1.0.RELEASE.jar:/Users/jianghehe/.m2/repository/org/springframework/data/spring-data-redis/2.1.2.RELEASE/spring-data-redis-2.1.2.RELEASE.jar:/Users/jianghehe/.m2/repository/org/springframework/data/spring-data-keyvalue/2.1.2.RELEASE/spring-data-keyvalue-2.1.2.RELEASE.jar:/Users/jianghehe/.m2/repository/org/springframework/spring-oxm/5.1.2.RELEASE/spring-oxm-5.1.2.RELEASE.jar:/Users/jianghehe/.m2/repository/org/springframework/spring-context-support/5.1.2.RELEASE/spring-context-support-5.1.2.RELEASE.jar:/Users/jianghehe/.m2/repository/io/lettuce/lettuce-core/5.1.2.RELEASE/lettuce-core-5.1.2.RELEASE.jar:/Users/jianghehe/.m2/repository/io/projectreactor/reactor-core/3.2.2.RELEASE/reactor-core-3.2.2.RELEASE.jar:/Users/jianghehe/.m2/repository/org/reactivestreams/reactive-streams/1.0.2/reactive-streams-1.0.2.jar:/Users/jianghehe/.m2/repository/org/apache/commons/commons-pool2/2.5.0/commons-pool2-2.5.0.jar:/Users/jianghehe/.m2/repository/org/springframework/boot/spring-boot-starter-amqp/2.1.0.RELEASE/spring-boot-starter-amqp-2.1.0.RELEASE.jar:/Users/jianghehe/.m2/repository/org/springframework/spring-messaging/5.1.2.RELEASE/spring-messaging-5.1.2.RELEASE.jar:/Users/jianghehe/.m2/repository/org/springframework/amqp/spring-rabbit/2.1.0.RELEASE/spring-rabbit-2.1.0.RELEASE.jar:/Users/jianghehe/.m2/repository/org/springframework/amqp/spring-amqp/2.1.0.RELEASE/spring-amqp-2.1.0.RELEASE.jar:/Users/jianghehe/.m2/repository/org/springframework/retry/spring-retry/1.2.2.RELEASE/spring-retry-1.2.2.RELEASE.jar:/Users/jianghehe/.m2/repository/com/rabbitmq/amqp-client/5.4.3/amqp-client-5.4.3.jar:/Users/jianghehe/.m2/repository/org/springframework/boot/spring-boot-starter-data-elasticsearch/2.1.0.RELEASE/spring-boot-starter-data-elasticsearch-2.1.0.RELEASE.jar:/Users/jianghehe/.m2/repository/org/springframework/data/spring-data-elasticsearch/3.1.2.RELEASE/spring-data-elasticsearch-3.1.2.RELEASE.jar:/Users/jianghehe/.m2/repository/joda-time/joda-time/2.10.1/joda-time-2.10.1.jar:/Users/jianghehe/.m2/repository/org/elasticsearch/client/transport/6.4.2/transport-6.4.2.jar:/Users/jianghehe/.m2/repository/org/elasticsearch/elasticsearch/6.4.2/elasticsearch-6.4.2.jar:/Users/jianghehe/.m2/repository/org/elasticsearch/elasticsearch-core/6.4.2/elasticsearch-core-6.4.2.jar:/Users/jianghehe/.m2/repository/org/elasticsearch/elasticsearch-secure-sm/6.4.2/elasticsearch-secure-sm-6.4.2.jar:/Users/jianghehe/.m2/repository/org/elasticsearch/elasticsearch-x-content/6.4.2/elasticsearch-x-content-6.4.2.jar:/Users/jianghehe/.m2/repository/com/fasterxml/jackson/dataformat/jackson-dataformat-smile/2.9.7/jackson-dataformat-smile-2.9.7.jar:/Users/jianghehe/.m2/repository/com/fasterxml/jackson/dataformat/jackson-dataformat-cbor/2.9.7/jackson-dataformat-cbor-2.9.7.jar:/Users/jianghehe/.m2/repository/org/apache/lucene/lucene-core/7.4.0/lucene-core-7.4.0.jar:/Users/jianghehe/.m2/repository/org/apache/lucene/lucene-analyzers-common/7.4.0/lucene-analyzers-common-7.4.0.jar:/Users/jianghehe/.m2/repository/org/apache/lucene/lucene-backward-codecs/7.4.0/lucene-backward-codecs-7.4.0.jar:/Users/jianghehe/.m2/repository/org/apache/lucene/lucene-grouping/7.4.0/lucene-grouping-7.4.0.jar:/Users/jianghehe/.m2/repository/org/apache/lucene/lucene-highlighter/7.4.0/lucene-highlighter-7.4.0.jar:/Users/jianghehe/.m2/repository/org/apache/lucene/lucene-join/7.4.0/lucene-join-7.4.0.jar:/Users/jianghehe/.m2/repository/org/apache/lucene/lucene-memory/7.4.0/lucene-memory-7.4.0.jar:/Users/jianghehe/.m2/repository/org/apache/lucene/lucene-misc/7.4.0/lucene-misc-7.4.0.jar:/Users/jianghehe/.m2/repository/org/apache/lucene/lucene-queries/7.4.0/lucene-queries-7.4.0.jar:/Users/jianghehe/.m2/repository/org/apache/lucene/lucene-queryparser/7.4.0/lucene-queryparser-7.4.0.jar:/Users/jianghehe/.m2/repository/org/apache/lucene/lucene-sandbox/7.4.0/lucene-sandbox-7.4.0.jar:/Users/jianghehe/.m2/repository/org/apache/lucene/lucene-spatial/7.4.0/lucene-spatial-7.4.0.jar:/Users/jianghehe/.m2/repository/org/apache/lucene/lucene-spatial-extras/7.4.0/lucene-spatial-extras-7.4.0.jar:/Users/jianghehe/.m2/repository/org/apache/lucene/lucene-spatial3d/7.4.0/lucene-spatial3d-7.4.0.jar:/Users/jianghehe/.m2/repository/org/apache/lucene/lucene-suggest/7.4.0/lucene-suggest-7.4.0.jar:/Users/jianghehe/.m2/repository/org/elasticsearch/elasticsearch-cli/6.4.2/elasticsearch-cli-6.4.2.jar:/Users/jianghehe/.m2/repository/net/sf/jopt-simple/jopt-simple/5.0.2/jopt-simple-5.0.2.jar:/Users/jianghehe/.m2/repository/com/carrotsearch/hppc/0.7.1/hppc-0.7.1.jar:/Users/jianghehe/.m2/repository/com/tdunning/t-digest/3.2/t-digest-3.2.jar:/Users/jianghehe/.m2/repository/org/hdrhistogram/HdrHistogram/2.1.9/HdrHistogram-2.1.9.jar:/Users/jianghehe/.m2/repository/org/elasticsearch/jna/4.5.1/jna-4.5.1.jar:/Users/jianghehe/.m2/repository/org/elasticsearch/plugin/reindex-client/6.4.2/reindex-client-6.4.2.jar:/Users/jianghehe/.m2/repository/org/elasticsearch/client/elasticsearch-rest-client/6.4.2/elasticsearch-rest-client-6.4.2.jar:/Users/jianghehe/.m2/repository/org/apache/httpcomponents/httpclient/4.5.6/httpclient-4.5.6.jar:/Users/jianghehe/.m2/repository/org/apache/httpcomponents/httpcore/4.4.10/httpcore-4.4.10.jar:/Users/jianghehe/.m2/repository/org/apache/httpcomponents/httpasyncclient/4.1.4/httpasyncclient-4.1.4.jar:/Users/jianghehe/.m2/repository/org/apache/httpcomponents/httpcore-nio/4.4.10/httpcore-nio-4.4.10.jar:/Users/jianghehe/.m2/repository/org/elasticsearch/plugin/lang-mustache-client/6.4.2/lang-mustache-client-6.4.2.jar:/Users/jianghehe/.m2/repository/com/github/spullara/mustache/java/compiler/0.9.3/compiler-0.9.3.jar:/Users/jianghehe/.m2/repository/org/elasticsearch/plugin/percolator-client/6.4.2/percolator-client-6.4.2.jar:/Users/jianghehe/.m2/repository/org/elasticsearch/plugin/parent-join-client/6.4.2/parent-join-client-6.4.2.jar:/Users/jianghehe/.m2/repository/org/elasticsearch/plugin/rank-eval-client/6.4.2/rank-eval-client-6.4.2.jar:/Users/jianghehe/.m2/repository/org/elasticsearch/plugin/transport-netty4-client/6.4.2/transport-netty4-client-6.4.2.jar:/Users/jianghehe/.m2/repository/io/netty/netty-codec-http/4.1.29.Final/netty-codec-http-4.1.29.Final.jar:/Users/jianghehe/.m2/repository/com/baomidou/mybatis-plus-boot-starter/3.3.2/mybatis-plus-boot-starter-3.3.2.jar:/Users/jianghehe/.m2/repository/com/baomidou/mybatis-plus/3.3.2/mybatis-plus-3.3.2.jar:/Users/jianghehe/.m2/repository/com/baomidou/mybatis-plus-extension/3.3.2/mybatis-plus-extension-3.3.2.jar:/Users/jianghehe/.m2/repository/com/baomidou/mybatis-plus-core/3.3.2/mybatis-plus-core-3.3.2.jar:/Users/jianghehe/.m2/repository/com/baomidou/mybatis-plus-annotation/3.3.2/mybatis-plus-annotation-3.3.2.jar:/Users/jianghehe/.m2/repository/com/github/jsqlparser/jsqlparser/3.1/jsqlparser-3.1.jar:/Users/jianghehe/.m2/repository/org/mybatis/mybatis/3.5.4/mybatis-3.5.4.jar:/Users/jianghehe/.m2/repository/org/mybatis/mybatis-spring/2.0.4/mybatis-spring-2.0.4.jar:/Users/jianghehe/.m2/repository/org/springframework/boot/spring-boot-autoconfigure/2.1.0.RELEASE/spring-boot-autoconfigure-2.1.0.RELEASE.jar:/Users/jianghehe/.m2/repository/org/apache/commons/commons-lang3/3.8.1/commons-lang3-3.8.1.jar:/Users/jianghehe/.m2/repository/org/bgee/log4jdbc-log4j2/log4jdbc-log4j2-jdbc4.1/1.16/log4jdbc-log4j2-jdbc4.1-1.16.jar:/Users/jianghehe/.m2/repository/io/springfox/springfox-swagger2/2.9.2/springfox-swagger2-2.9.2.jar:/Users/jianghehe/.m2/repository/io/swagger/swagger-annotations/1.5.20/swagger-annotations-1.5.20.jar:/Users/jianghehe/.m2/repository/io/swagger/swagger-models/1.5.20/swagger-models-1.5.20.jar:/Users/jianghehe/.m2/repository/com/fasterxml/jackson/core/jackson-annotations/2.9.0/jackson-annotations-2.9.0.jar:/Users/jianghehe/.m2/repository/io/springfox/springfox-spi/2.9.2/springfox-spi-2.9.2.jar:/Users/jianghehe/.m2/repository/io/springfox/springfox-core/2.9.2/springfox-core-2.9.2.jar:/Users/jianghehe/.m2/repository/io/springfox/springfox-schema/2.9.2/springfox-schema-2.9.2.jar:/Users/jianghehe/.m2/repository/io/springfox/springfox-swagger-common/2.9.2/springfox-swagger-common-2.9.2.jar:/Users/jianghehe/.m2/repository/io/springfox/springfox-spring-web/2.9.2/springfox-spring-web-2.9.2.jar:/Users/jianghehe/.m2/repository/com/fasterxml/classmate/1.4.0/classmate-1.4.0.jar:/Users/jianghehe/.m2/repository/org/slf4j/slf4j-api/1.7.25/slf4j-api-1.7.25.jar:/Users/jianghehe/.m2/repository/org/springframework/plugin/spring-plugin-core/1.2.0.RELEASE/spring-plugin-core-1.2.0.RELEASE.jar:/Users/jianghehe/.m2/repository/org/springframework/plugin/spring-plugin-metadata/1.2.0.RELEASE/spring-plugin-metadata-1.2.0.RELEASE.jar:/Users/jianghehe/.m2/repository/org/mapstruct/mapstruct/1.2.0.Final/mapstruct-1.2.0.Final.jar:/Users/jianghehe/.m2/repository/io/springfox/springfox-swagger-ui/2.9.2/springfox-swagger-ui-2.9.2.jar:/Users/jianghehe/.m2/repository/com/google/guava/guava/29.0-jre/guava-29.0-jre.jar:/Users/jianghehe/.m2/repository/com/google/guava/failureaccess/1.0.1/failureaccess-1.0.1.jar:/Users/jianghehe/.m2/repository/com/google/guava/listenablefuture/9999.0-empty-to-avoid-conflict-with-guava/listenablefuture-9999.0-empty-to-avoid-conflict-with-guava.jar:/Users/jianghehe/.m2/repository/com/google/code/findbugs/jsr305/3.0.2/jsr305-3.0.2.jar:/Users/jianghehe/.m2/repository/org/checkerframework/checker-qual/2.11.1/checker-qual-2.11.1.jar:/Users/jianghehe/.m2/repository/com/google/errorprone/error_prone_annotations/2.3.4/error_prone_annotations-2.3.4.jar:/Users/jianghehe/.m2/repository/com/google/j2objc/j2objc-annotations/1.3/j2objc-annotations-1.3.jar:/Users/jianghehe/.m2/repository/mysql/mysql-connector-java/8.0.13/mysql-connector-java-8.0.13.jar:/Users/jianghehe/.m2/repository/com/alibaba/druid-spring-boot-starter/1.1.22/druid-spring-boot-starter-1.1.22.jar:/Users/jianghehe/.m2/repository/com/alibaba/druid/1.1.22/druid-1.1.22.jar:/Users/jianghehe/.m2/repository/org/projectlombok/lombok/1.18.12/lombok-1.18.12.jar:/Users/jianghehe/.m2/repository/org/apache/zookeeper/zookeeper/3.4.13/zookeeper-3.4.13.jar:/Users/jianghehe/.m2/repository/jline/jline/0.9.94/jline-0.9.94.jar:/Users/jianghehe/.m2/repository/org/apache/yetus/audience-annotations/0.5.0/audience-annotations-0.5.0.jar:/Users/jianghehe/.m2/repository/io/netty/netty/3.10.6.Final/netty-3.10.6.Final.jar:/Users/jianghehe/.m2/repository/org/apache/curator/curator-framework/2.12.0/curator-framework-2.12.0.jar:/Users/jianghehe/.m2/repository/org/apache/curator/curator-client/2.12.0/curator-client-2.12.0.jar:/Users/jianghehe/.m2/repository/org/apache/curator/curator-recipes/2.12.0/curator-recipes-2.12.0.jar:/Users/jianghehe/.m2/repository/org/redisson/redisson/3.5.4/redisson-3.5.4.jar:/Users/jianghehe/.m2/repository/io/netty/netty-common/4.1.29.Final/netty-common-4.1.29.Final.jar:/Users/jianghehe/.m2/repository/io/netty/netty-codec/4.1.29.Final/netty-codec-4.1.29.Final.jar:/Users/jianghehe/.m2/repository/io/netty/netty-buffer/4.1.29.Final/netty-buffer-4.1.29.Final.jar:/Users/jianghehe/.m2/repository/io/netty/netty-transport/4.1.29.Final/netty-transport-4.1.29.Final.jar:/Users/jianghehe/.m2/repository/io/netty/netty-resolver/4.1.29.Final/netty-resolver-4.1.29.Final.jar:/Users/jianghehe/.m2/repository/io/netty/netty-handler/4.1.29.Final/netty-handler-4.1.29.Final.jar:/Users/jianghehe/.m2/repository/javax/cache/cache-api/1.1.0/cache-api-1.1.0.jar:/Users/jianghehe/.m2/repository/io/projectreactor/reactor-stream/2.0.8.RELEASE/reactor-stream-2.0.8.RELEASE.jar:/Users/jianghehe/.m2/repository/com/fasterxml/jackson/dataformat/jackson-dataformat-yaml/2.9.7/jackson-dataformat-yaml-2.9.7.jar:/Users/jianghehe/.m2/repository/com/fasterxml/jackson/core/jackson-core/2.9.7/jackson-core-2.9.7.jar:/Users/jianghehe/.m2/repository/com/fasterxml/jackson/core/jackson-databind/2.9.7/jackson-databind-2.9.7.jar:/Users/jianghehe/.m2/repository/net/openhft/zero-allocation-hashing/0.8/zero-allocation-hashing-0.8.jar:/Users/jianghehe/.m2/repository/net/bytebuddy/byte-buddy/1.9.3/byte-buddy-1.9.3.jar:/Users/jianghehe/.m2/repository/org/jodd/jodd-bean/3.7.1/jodd-bean-3.7.1.jar:/Users/jianghehe/.m2/repository/org/jodd/jodd-core/3.7.1/jodd-core-3.7.1.jar:/Users/jianghehe/.m2/repository/com/alibaba/fastjson/1.2.72/fastjson-1.2.72.jar:/Users/jianghehe/.m2/repository/com/google/code/gson/gson/2.8.6/gson-2.8.6.jar:/Users/jianghehe/.m2/repository/commons-codec/commons-codec/1.13/commons-codec-1.13.jar:/Applications/IntelliJ IDEA.app/Contents/lib/idea_rt.jar
2020-08-12 21:52:47.773 [main] INFO  org.apache.zookeeper.ZooKeeper - Client environment:java.library.path=/Users/jianghehe/Library/Java/Extensions:/Library/Java/Extensions:/Network/Library/Java/Extensions:/System/Library/Java/Extensions:/usr/lib/java:.
2020-08-12 21:52:47.774 [main] INFO  org.apache.zookeeper.ZooKeeper - Client environment:java.io.tmpdir=/var/folders/kw/bbwt080x0gb6lmvk2nm9rpk40000gn/T/
2020-08-12 21:52:47.774 [main] INFO  org.apache.zookeeper.ZooKeeper - Client environment:java.compiler=<NA>
2020-08-12 21:52:47.774 [main] INFO  org.apache.zookeeper.ZooKeeper - Client environment:os.name=Mac OS X
2020-08-12 21:52:47.774 [main] INFO  org.apache.zookeeper.ZooKeeper - Client environment:os.arch=x86_64
2020-08-12 21:52:47.774 [main] INFO  org.apache.zookeeper.ZooKeeper - Client environment:os.version=10.13.6
2020-08-12 21:52:47.774 [main] INFO  org.apache.zookeeper.ZooKeeper - Client environment:user.name=jianghehe
2020-08-12 21:52:47.774 [main] INFO  org.apache.zookeeper.ZooKeeper - Client environment:user.home=/Users/jianghehe
2020-08-12 21:52:47.774 [main] INFO  org.apache.zookeeper.ZooKeeper - Client environment:user.dir=/Users/jianghehe/skc-spring-boot-starter
2020-08-12 21:52:47.775 [main] INFO  org.apache.zookeeper.ZooKeeper - Initiating client connection, connectString=127.0.0.1:2181 sessionTimeout=60000 watcher=org.apache.curator.ConnectionState@6e017950
2020-08-12 21:52:47.802 [main-SendThread(localhost:2181)] INFO  org.apache.zookeeper.ClientCnxn - Opening socket connection to server localhost/127.0.0.1:2181. Will not attempt to authenticate using SASL (unknown error)
2020-08-12 21:52:47.829 [main-SendThread(localhost:2181)] INFO  org.apache.zookeeper.ClientCnxn - Socket connection established to localhost/127.0.0.1:2181, initiating session
2020-08-12 21:52:47.838 [main-SendThread(localhost:2181)] INFO  org.apache.zookeeper.ClientCnxn - Session establishment complete on server localhost/127.0.0.1:2181, sessionid = 0x100010a28f7003f, negotiated timeout = 40000
2020-08-12 21:52:47.845 [main-EventThread] INFO  o.a.curator.framework.state.ConnectionStateManager - State change: CONNECTED
2020-08-12 21:52:47.893 [main] INFO  c.d.skc.lock.curator.util.DistributedLockByCurator - root path 的 watcher 事件创建成功
2020-08-12 21:52:47.940 [main] INFO  c.d.s.l.r.strategy.impl.StandaloneConfigImpl - 初始化[单机部署]方式Config,redisAddress:127.0.0.1:6379
2020-08-12 21:52:48.151 [main] INFO  org.redisson.Version - Redisson 3.5.4
2020-08-12 21:52:48.292 [redisson-netty-4-7] INFO  o.r.connection.pool.MasterPubSubConnectionPool - 1 connections initialized for /127.0.0.1:6379
2020-08-12 21:52:48.293 [redisson-netty-4-2] INFO  org.redisson.connection.pool.MasterConnectionPool - 10 connections initialized for /127.0.0.1:6379
2020-08-12 21:52:48.300 [main] INFO  c.d.s.l.redisson.config.RedissonAutoConfiguration - [RedissonManager] 组装完毕,当前连接方式:standalone,连接地址:127.0.0.1:6379
2020-08-12 21:52:48.302 [main] INFO  c.d.s.l.redisson.config.RedissonAutoConfiguration - [RedissonLock] 组装完毕
2020-08-12 21:52:49.655 [main] INFO  org.elasticsearch.plugins.PluginsService - no modules loaded
2020-08-12 21:52:49.657 [main] INFO  org.elasticsearch.plugins.PluginsService - loaded plugin [org.elasticsearch.index.reindex.ReindexPlugin]
2020-08-12 21:52:49.657 [main] INFO  org.elasticsearch.plugins.PluginsService - loaded plugin [org.elasticsearch.join.ParentJoinPlugin]
2020-08-12 21:52:49.657 [main] INFO  org.elasticsearch.plugins.PluginsService - loaded plugin [org.elasticsearch.percolator.PercolatorPlugin]
2020-08-12 21:52:49.657 [main] INFO  org.elasticsearch.plugins.PluginsService - loaded plugin [org.elasticsearch.script.mustache.MustachePlugin]
2020-08-12 21:52:49.657 [main] INFO  org.elasticsearch.plugins.PluginsService - loaded plugin [org.elasticsearch.transport.Netty4Plugin]
2020-08-12 21:52:50.681 [main] INFO  o.s.d.e.client.TransportClientFactoryBean - Adding transport node : 127.0.0.1:9300
2020-08-12 21:52:51.062 [main] INFO  o.s.scheduling.concurrent.ThreadPoolTaskExecutor - Initializing ExecutorService 'applicationTaskExecutor'
2020-08-12 21:52:51.344 [main] INFO  com.dxj.skc.config.SkcAutoConfiguration - init skc start...
2020-08-12 21:52:52.287 [main] INFO  o.s.a.rabbit.connection.CachingConnectionFactory - Attempting to connect to: [127.0.0.1:5672]
2020-08-12 21:52:52.340 [main] INFO  o.s.a.rabbit.connection.CachingConnectionFactory - Created new connection: rabbitConnectionFactory#2e871e93:0/SimpleConnection@355da59c [delegate=amqp://guest@127.0.0.1:5672/, localPort= 64935]
2020-08-12 21:52:52.409 [main] INFO  com.dxj.skc.SkcTest - Started SkcTest in 10.017 seconds (JVM running for 10.935)
2020-08-12 21:52:52.568 [main] INFO  jdbc.audit - 3. Connection.isClosed() returned false
2020-08-12 21:52:52.569 [main] INFO  jdbc.audit - 3. Connection.getAutoCommit() returned true
2020-08-12 21:52:52.623 [main] INFO  jdbc.audit - 3. Connection.getCatalog() returned test
2020-08-12 21:52:52.644 [main] INFO  jdbc.audit - 3. PreparedStatement.new PreparedStatement returned 
2020-08-12 21:52:52.684 [main] INFO  jdbc.audit - 3. Connection.prepareStatement(SELECT COUNT(1) FROM t_user WHERE (username = ?)) returned net.sf.log4jdbc.sql.jdbcapi.PreparedStatementSpy@6dcf39c6
2020-08-12 21:52:52.692 [main] INFO  jdbc.audit - 3. PreparedStatement.setString(1, "dxj") returned 
2020-08-12 21:52:52.692 [main] INFO  jdbc.audit - 3. Connection.getAutoCommit() returned true
2020-08-12 21:52:52.693 [main] INFO  jdbc.audit - 3. Connection.getAutoCommit() returned true
2020-08-12 21:52:52.693 [main] INFO  jdbc.sqlonly - SELECT COUNT(1) FROM t_user WHERE (username = 'dxj') 

2020-08-12 21:52:52.699 [main] INFO  jdbc.sqltiming - SELECT COUNT(1) FROM t_user WHERE (username = 'dxj') 
 {executed in 6 msec}
2020-08-12 21:52:52.699 [main] INFO  jdbc.resultset - 3. ResultSet.new ResultSet returned 
2020-08-12 21:52:52.699 [main] INFO  jdbc.audit - 3. PreparedStatement.executeQuery() returned net.sf.log4jdbc.sql.jdbcapi.ResultSetSpy@4c43c37d
2020-08-12 21:52:52.702 [main] INFO  jdbc.resultset - 3. ResultSet.next() returned true
2020-08-12 21:52:52.702 [main] INFO  jdbc.resultset - 3. ResultSet.getLong(1) returned 20000
2020-08-12 21:52:52.703 [main] INFO  jdbc.resultsettable - 
|---------|
|count(1) |
|---------|
|20000    |
|---------|

2020-08-12 21:52:52.703 [main] INFO  jdbc.resultset - 3. ResultSet.close() returned void
2020-08-12 21:52:52.703 [main] INFO  jdbc.audit - 3. PreparedStatement.close() returned 
2020-08-12 21:52:52.704 [main] INFO  jdbc.audit - 3. Connection.getMetaData() returned com.mysql.cj.jdbc.DatabaseMetaData@28f5a003
2020-08-12 21:52:52.716 [main] INFO  jdbc.audit - 3. Connection.getCatalog() returned test
2020-08-12 21:52:52.716 [main] INFO  jdbc.audit - 3. PreparedStatement.new PreparedStatement returned 
2020-08-12 21:52:52.716 [main] INFO  jdbc.audit - 3. Connection.prepareStatement(SELECT  id,username,password,age,create_by,create_time,update_by,update_time,del_flag  FROM t_user 
 
 WHERE (username = ?) LIMIT ?,?) returned net.sf.log4jdbc.sql.jdbcapi.PreparedStatementSpy@24710e61
2020-08-12 21:52:52.717 [main] INFO  jdbc.audit - 3. PreparedStatement.setString(1, "dxj") returned 
2020-08-12 21:52:52.718 [main] INFO  jdbc.audit - 3. PreparedStatement.setLong(2, 10) returned 
2020-08-12 21:52:52.718 [main] INFO  jdbc.audit - 3. PreparedStatement.setLong(3, 10) returned 
2020-08-12 21:52:52.718 [main] INFO  jdbc.audit - 3. Connection.getAutoCommit() returned true
2020-08-12 21:52:52.718 [main] INFO  jdbc.audit - 3. Connection.getAutoCommit() returned true
2020-08-12 21:52:52.718 [main] INFO  jdbc.sqlonly - SELECT id,username,password,age,create_by,create_time,update_by,update_time,del_flag FROM t_user 
WHERE (username = 'dxj') LIMIT 10,10 

2020-08-12 21:52:52.719 [main] INFO  jdbc.sqltiming - SELECT id,username,password,age,create_by,create_time,update_by,update_time,del_flag FROM t_user 
WHERE (username = 'dxj') LIMIT 10,10 
 {executed in 1 msec}
2020-08-12 21:52:52.719 [main] INFO  jdbc.audit - 3. PreparedStatement.execute() returned true
2020-08-12 21:52:52.719 [main] INFO  jdbc.resultset - 3. ResultSet.new ResultSet returned 
2020-08-12 21:52:52.719 [main] INFO  jdbc.audit - 3. PreparedStatement.getResultSet() returned net.sf.log4jdbc.sql.jdbcapi.ResultSetSpy@ece769a
2020-08-12 21:52:52.721 [main] INFO  jdbc.resultset - 3. ResultSet.getMetaData() returned com.mysql.cj.jdbc.result.ResultSetMetaData@27879518 - Field level information: 
	com.mysql.cj.result.Field@5a004dd4[catalog=test,tableName=t_user,originalTableName=t_user,columnName=id,originalColumnName=id,mysqlType=253(FIELD_TYPE_VARCHAR),sqlType=12,flags= PRIMARY_KEY, charsetIndex=33, charsetName=utf8]
	com.mysql.cj.result.Field@5afbbf9b[catalog=test,tableName=t_user,originalTableName=t_user,columnName=username,originalColumnName=username,mysqlType=253(FIELD_TYPE_VARCHAR),sqlType=12,flags=, charsetIndex=33, charsetName=utf8]
	com.mysql.cj.result.Field@4f7bc9a3[catalog=test,tableName=t_user,originalTableName=t_user,columnName=password,originalColumnName=password,mysqlType=253(FIELD_TYPE_VARCHAR),sqlType=12,flags=, charsetIndex=33, charsetName=utf8]
	com.mysql.cj.result.Field@544faa01[catalog=test,tableName=t_user,originalTableName=t_user,columnName=age,originalColumnName=age,mysqlType=3(FIELD_TYPE_INT),sqlType=4,flags=, charsetIndex=63, charsetName=ISO-8859-1]
	com.mysql.cj.result.Field@cf933b1[catalog=test,tableName=t_user,originalTableName=t_user,columnName=create_by,originalColumnName=create_by,mysqlType=253(FIELD_TYPE_VARCHAR),sqlType=12,flags=, charsetIndex=33, charsetName=utf8]
	com.mysql.cj.result.Field@b7952d2[catalog=test,tableName=t_user,originalTableName=t_user,columnName=create_time,originalColumnName=create_time,mysqlType=12(FIELD_TYPE_DATETIME),sqlType=93,flags= BINARY, charsetIndex=63, charsetName=ISO-8859-1]
	com.mysql.cj.result.Field@1a5ea4cf[catalog=test,tableName=t_user,originalTableName=t_user,columnName=update_by,originalColumnName=update_by,mysqlType=253(FIELD_TYPE_VARCHAR),sqlType=12,flags=, charsetIndex=33, charsetName=utf8]
	com.mysql.cj.result.Field@33e80a27[catalog=test,tableName=t_user,originalTableName=t_user,columnName=update_time,originalColumnName=update_time,mysqlType=12(FIELD_TYPE_DATETIME),sqlType=93,flags= BINARY, charsetIndex=63, charsetName=ISO-8859-1]
	com.mysql.cj.result.Field@7649d350[catalog=test,tableName=t_user,originalTableName=t_user,columnName=del_flag,originalColumnName=del_flag,mysqlType=3(FIELD_TYPE_INT),sqlType=4,flags=, charsetIndex=63, charsetName=ISO-8859-1]
2020-08-12 21:52:52.724 [main] INFO  jdbc.resultset - 3. ResultSet.getType() returned 1003
2020-08-12 21:52:52.725 [main] INFO  jdbc.resultset - 3. ResultSet.next() returned true
2020-08-12 21:52:52.727 [main] INFO  jdbc.resultset - 3. ResultSet.getString(id) returned 1293515495022006281
2020-08-12 21:52:52.728 [main] INFO  jdbc.resultset - 3. ResultSet.getString(username) returned dxj
2020-08-12 21:52:52.728 [main] INFO  jdbc.resultset - 3. ResultSet.getString(password) returned 123456
2020-08-12 21:52:52.728 [main] INFO  jdbc.resultset - 3. ResultSet.getInt(age) returned 25
2020-08-12 21:52:52.728 [main] INFO  jdbc.resultset - 3. ResultSet.getString(create_by) returned admin
2020-08-12 21:52:52.729 [main] INFO  jdbc.resultset - 3. ResultSet.getObject(create_time,class java.time.LocalDateTime) returned 2020-08-12T19:51:41
2020-08-12 21:52:52.730 [main] INFO  jdbc.resultset - 3. ResultSet.getString(update_by) returned dxj
2020-08-12 21:52:52.730 [main] INFO  jdbc.resultset - 3. ResultSet.getObject(update_time,class java.time.LocalDateTime) returned 2020-08-12T19:51:41
2020-08-12 21:52:52.730 [main] INFO  jdbc.resultset - 3. ResultSet.getInt(del_flag) returned 0
2020-08-12 21:52:52.730 [main] INFO  jdbc.resultset - 3. ResultSet.wasNull() returned false
2020-08-12 21:52:52.730 [main] INFO  jdbc.resultset - 3. ResultSet.next() returned true
2020-08-12 21:52:52.730 [main] INFO  jdbc.resultset - 3. ResultSet.getString(id) returned 1293515495022006282
2020-08-12 21:52:52.730 [main] INFO  jdbc.resultset - 3. ResultSet.getString(username) returned dxj
2020-08-12 21:52:52.730 [main] INFO  jdbc.resultset - 3. ResultSet.getString(password) returned 123456
2020-08-12 21:52:52.730 [main] INFO  jdbc.resultset - 3. ResultSet.getInt(age) returned 25
2020-08-12 21:52:52.730 [main] INFO  jdbc.resultset - 3. ResultSet.getString(create_by) returned admin
2020-08-12 21:52:52.731 [main] INFO  jdbc.resultset - 3. ResultSet.getObject(create_time,class java.time.LocalDateTime) returned 2020-08-12T19:51:41
2020-08-12 21:52:52.731 [main] INFO  jdbc.resultset - 3. ResultSet.getString(update_by) returned dxj
2020-08-12 21:52:52.731 [main] INFO  jdbc.resultset - 3. ResultSet.getObject(update_time,class java.time.LocalDateTime) returned 2020-08-12T19:51:41
2020-08-12 21:52:52.731 [main] INFO  jdbc.resultset - 3. ResultSet.getInt(del_flag) returned 0
2020-08-12 21:52:52.731 [main] INFO  jdbc.resultset - 3. ResultSet.wasNull() returned false
2020-08-12 21:52:52.731 [main] INFO  jdbc.resultset - 3. ResultSet.next() returned true
2020-08-12 21:52:52.731 [main] INFO  jdbc.resultset - 3. ResultSet.getString(id) returned 1293515495022006283
2020-08-12 21:52:52.731 [main] INFO  jdbc.resultset - 3. ResultSet.getString(username) returned dxj
2020-08-12 21:52:52.731 [main] INFO  jdbc.resultset - 3. ResultSet.getString(password) returned 123456
2020-08-12 21:52:52.731 [main] INFO  jdbc.resultset - 3. ResultSet.getInt(age) returned 25
2020-08-12 21:52:52.731 [main] INFO  jdbc.resultset - 3. ResultSet.getString(create_by) returned admin
2020-08-12 21:52:52.731 [main] INFO  jdbc.resultset - 3. ResultSet.getObject(create_time,class java.time.LocalDateTime) returned 2020-08-12T19:51:41
2020-08-12 21:52:52.732 [main] INFO  jdbc.resultset - 3. ResultSet.getString(update_by) returned dxj
2020-08-12 21:52:52.732 [main] INFO  jdbc.resultset - 3. ResultSet.getObject(update_time,class java.time.LocalDateTime) returned 2020-08-12T19:51:41
2020-08-12 21:52:52.732 [main] INFO  jdbc.resultset - 3. ResultSet.getInt(del_flag) returned 0
2020-08-12 21:52:52.732 [main] INFO  jdbc.resultset - 3. ResultSet.wasNull() returned false
2020-08-12 21:52:52.732 [main] INFO  jdbc.resultset - 3. ResultSet.next() returned true
2020-08-12 21:52:52.732 [main] INFO  jdbc.resultset - 3. ResultSet.getString(id) returned 1293515495022006284
2020-08-12 21:52:52.732 [main] INFO  jdbc.resultset - 3. ResultSet.getString(username) returned dxj
2020-08-12 21:52:52.732 [main] INFO  jdbc.resultset - 3. ResultSet.getString(password) returned 123456
2020-08-12 21:52:52.732 [main] INFO  jdbc.resultset - 3. ResultSet.getInt(age) returned 25
2020-08-12 21:52:52.732 [main] INFO  jdbc.resultset - 3. ResultSet.getString(create_by) returned admin
2020-08-12 21:52:52.732 [main] INFO  jdbc.resultset - 3. ResultSet.getObject(create_time,class java.time.LocalDateTime) returned 2020-08-12T19:51:41
2020-08-12 21:52:52.732 [main] INFO  jdbc.resultset - 3. ResultSet.getString(update_by) returned dxj
2020-08-12 21:52:52.733 [main] INFO  jdbc.resultset - 3. ResultSet.getObject(update_time,class java.time.LocalDateTime) returned 2020-08-12T19:51:41
2020-08-12 21:52:52.733 [main] INFO  jdbc.resultset - 3. ResultSet.getInt(del_flag) returned 0
2020-08-12 21:52:52.733 [main] INFO  jdbc.resultset - 3. ResultSet.wasNull() returned false
2020-08-12 21:52:52.733 [main] INFO  jdbc.resultset - 3. ResultSet.next() returned true
2020-08-12 21:52:52.733 [main] INFO  jdbc.resultset - 3. ResultSet.getString(id) returned 1293515495022006285
2020-08-12 21:52:52.734 [main] INFO  jdbc.resultset - 3. ResultSet.getString(username) returned dxj
2020-08-12 21:52:52.734 [main] INFO  jdbc.resultset - 3. ResultSet.getString(password) returned 123456
2020-08-12 21:52:52.734 [main] INFO  jdbc.resultset - 3. ResultSet.getInt(age) returned 25
2020-08-12 21:52:52.734 [main] INFO  jdbc.resultset - 3. ResultSet.getString(create_by) returned admin
2020-08-12 21:52:52.734 [main] INFO  jdbc.resultset - 3. ResultSet.getObject(create_time,class java.time.LocalDateTime) returned 2020-08-12T19:51:41
2020-08-12 21:52:52.734 [main] INFO  jdbc.resultset - 3. ResultSet.getString(update_by) returned dxj
2020-08-12 21:52:52.734 [main] INFO  jdbc.resultset - 3. ResultSet.getObject(update_time,class java.time.LocalDateTime) returned 2020-08-12T19:51:41
2020-08-12 21:52:52.734 [main] INFO  jdbc.resultset - 3. ResultSet.getInt(del_flag) returned 0
2020-08-12 21:52:52.734 [main] INFO  jdbc.resultset - 3. ResultSet.wasNull() returned false
2020-08-12 21:52:52.734 [main] INFO  jdbc.resultset - 3. ResultSet.next() returned true
2020-08-12 21:52:52.735 [main] INFO  jdbc.resultset - 3. ResultSet.getString(id) returned 1293515495022006286
2020-08-12 21:52:52.735 [main] INFO  jdbc.resultset - 3. ResultSet.getString(username) returned dxj
2020-08-12 21:52:52.735 [main] INFO  jdbc.resultset - 3. ResultSet.getString(password) returned 123456
2020-08-12 21:52:52.735 [main] INFO  jdbc.resultset - 3. ResultSet.getInt(age) returned 25
2020-08-12 21:52:52.735 [main] INFO  jdbc.resultset - 3. ResultSet.getString(create_by) returned admin
2020-08-12 21:52:52.735 [main] INFO  jdbc.resultset - 3. ResultSet.getObject(create_time,class java.time.LocalDateTime) returned 2020-08-12T19:51:41
2020-08-12 21:52:52.735 [main] INFO  jdbc.resultset - 3. ResultSet.getString(update_by) returned dxj
2020-08-12 21:52:52.735 [main] INFO  jdbc.resultset - 3. ResultSet.getObject(update_time,class java.time.LocalDateTime) returned 2020-08-12T19:51:41
2020-08-12 21:52:52.735 [main] INFO  jdbc.resultset - 3. ResultSet.getInt(del_flag) returned 0
2020-08-12 21:52:52.736 [main] INFO  jdbc.resultset - 3. ResultSet.wasNull() returned false
2020-08-12 21:52:52.736 [main] INFO  jdbc.resultset - 3. ResultSet.next() returned true
2020-08-12 21:52:52.736 [main] INFO  jdbc.resultset - 3. ResultSet.getString(id) returned 1293515495022006287
2020-08-12 21:52:52.736 [main] INFO  jdbc.resultset - 3. ResultSet.getString(username) returned dxj
2020-08-12 21:52:52.736 [main] INFO  jdbc.resultset - 3. ResultSet.getString(password) returned 123456
2020-08-12 21:52:52.737 [main] INFO  jdbc.resultset - 3. ResultSet.getInt(age) returned 25
2020-08-12 21:52:52.737 [main] INFO  jdbc.resultset - 3. ResultSet.getString(create_by) returned admin
2020-08-12 21:52:52.737 [main] INFO  jdbc.resultset - 3. ResultSet.getObject(create_time,class java.time.LocalDateTime) returned 2020-08-12T19:51:41
2020-08-12 21:52:52.737 [main] INFO  jdbc.resultset - 3. ResultSet.getString(update_by) returned dxj
2020-08-12 21:52:52.737 [main] INFO  jdbc.resultset - 3. ResultSet.getObject(update_time,class java.time.LocalDateTime) returned 2020-08-12T19:51:41
2020-08-12 21:52:52.737 [main] INFO  jdbc.resultset - 3. ResultSet.getInt(del_flag) returned 0
2020-08-12 21:52:52.737 [main] INFO  jdbc.resultset - 3. ResultSet.wasNull() returned false
2020-08-12 21:52:52.738 [main] INFO  jdbc.resultset - 3. ResultSet.next() returned true
2020-08-12 21:52:52.738 [main] INFO  jdbc.resultset - 3. ResultSet.getString(id) returned 1293515495022006288
2020-08-12 21:52:52.738 [main] INFO  jdbc.resultset - 3. ResultSet.getString(username) returned dxj
2020-08-12 21:52:52.738 [main] INFO  jdbc.resultset - 3. ResultSet.getString(password) returned 123456
2020-08-12 21:52:52.738 [main] INFO  jdbc.resultset - 3. ResultSet.getInt(age) returned 25
2020-08-12 21:52:52.738 [main] INFO  jdbc.resultset - 3. ResultSet.getString(create_by) returned admin
2020-08-12 21:52:52.738 [main] INFO  jdbc.resultset - 3. ResultSet.getObject(create_time,class java.time.LocalDateTime) returned 2020-08-12T19:51:41
2020-08-12 21:52:52.739 [main] INFO  jdbc.resultset - 3. ResultSet.getString(update_by) returned dxj
2020-08-12 21:52:52.739 [main] INFO  jdbc.resultset - 3. ResultSet.getObject(update_time,class java.time.LocalDateTime) returned 2020-08-12T19:51:41
2020-08-12 21:52:52.739 [main] INFO  jdbc.resultset - 3. ResultSet.getInt(del_flag) returned 0
2020-08-12 21:52:52.739 [main] INFO  jdbc.resultset - 3. ResultSet.wasNull() returned false
2020-08-12 21:52:52.739 [main] INFO  jdbc.resultset - 3. ResultSet.next() returned true
2020-08-12 21:52:52.739 [main] INFO  jdbc.resultset - 3. ResultSet.getString(id) returned 1293515495022006289
2020-08-12 21:52:52.739 [main] INFO  jdbc.resultset - 3. ResultSet.getString(username) returned dxj
2020-08-12 21:52:52.739 [main] INFO  jdbc.resultset - 3. ResultSet.getString(password) returned 123456
2020-08-12 21:52:52.740 [main] INFO  jdbc.resultset - 3. ResultSet.getInt(age) returned 25
2020-08-12 21:52:52.740 [main] INFO  jdbc.resultset - 3. ResultSet.getString(create_by) returned admin
2020-08-12 21:52:52.740 [main] INFO  jdbc.resultset - 3. ResultSet.getObject(create_time,class java.time.LocalDateTime) returned 2020-08-12T19:51:41
2020-08-12 21:52:52.740 [main] INFO  jdbc.resultset - 3. ResultSet.getString(update_by) returned dxj
2020-08-12 21:52:52.740 [main] INFO  jdbc.resultset - 3. ResultSet.getObject(update_time,class java.time.LocalDateTime) returned 2020-08-12T19:51:41
2020-08-12 21:52:52.740 [main] INFO  jdbc.resultset - 3. ResultSet.getInt(del_flag) returned 0
2020-08-12 21:52:52.740 [main] INFO  jdbc.resultset - 3. ResultSet.wasNull() returned false
2020-08-12 21:52:52.741 [main] INFO  jdbc.resultset - 3. ResultSet.next() returned true
2020-08-12 21:52:52.741 [main] INFO  jdbc.resultset - 3. ResultSet.getString(id) returned 1293515495022006290
2020-08-12 21:52:52.741 [main] INFO  jdbc.resultset - 3. ResultSet.getString(username) returned dxj
2020-08-12 21:52:52.741 [main] INFO  jdbc.resultset - 3. ResultSet.getString(password) returned 123456
2020-08-12 21:52:52.741 [main] INFO  jdbc.resultset - 3. ResultSet.getInt(age) returned 25
2020-08-12 21:52:52.741 [main] INFO  jdbc.resultset - 3. ResultSet.getString(create_by) returned admin
2020-08-12 21:52:52.741 [main] INFO  jdbc.resultset - 3. ResultSet.getObject(create_time,class java.time.LocalDateTime) returned 2020-08-12T19:51:41
2020-08-12 21:52:52.741 [main] INFO  jdbc.resultset - 3. ResultSet.getString(update_by) returned dxj
2020-08-12 21:52:52.742 [main] INFO  jdbc.resultset - 3. ResultSet.getObject(update_time,class java.time.LocalDateTime) returned 2020-08-12T19:51:41
2020-08-12 21:52:52.742 [main] INFO  jdbc.resultset - 3. ResultSet.getInt(del_flag) returned 0
2020-08-12 21:52:52.742 [main] INFO  jdbc.resultset - 3. ResultSet.wasNull() returned false
2020-08-12 21:52:52.743 [main] INFO  jdbc.resultsettable - 
|--------------------|---------|---------|----|----------|------------|----------|------------|---------|
|id                  |username |password |age |create_by |create_time |update_by |update_time |del_flag |
|--------------------|---------|---------|----|----------|------------|----------|------------|---------|
|1293515495022006281 |dxj      |123456   |25  |admin     |[unread]    |dxj       |[unread]    |0        |
|1293515495022006282 |dxj      |123456   |25  |admin     |[unread]    |dxj       |[unread]    |0        |
|1293515495022006283 |dxj      |123456   |25  |admin     |[unread]    |dxj       |[unread]    |0        |
|1293515495022006284 |dxj      |123456   |25  |admin     |[unread]    |dxj       |[unread]    |0        |
|1293515495022006285 |dxj      |123456   |25  |admin     |[unread]    |dxj       |[unread]    |0        |
|1293515495022006286 |dxj      |123456   |25  |admin     |[unread]    |dxj       |[unread]    |0        |
|1293515495022006287 |dxj      |123456   |25  |admin     |[unread]    |dxj       |[unread]    |0        |
|1293515495022006288 |dxj      |123456   |25  |admin     |[unread]    |dxj       |[unread]    |0        |
|1293515495022006289 |dxj      |123456   |25  |admin     |[unread]    |dxj       |[unread]    |0        |
|1293515495022006290 |dxj      |123456   |25  |admin     |[unread]    |dxj       |[unread]    |0        |
|--------------------|---------|---------|----|----------|------------|----------|------------|---------|

2020-08-12 21:52:52.743 [main] INFO  jdbc.resultset - 3. ResultSet.next() returned false
2020-08-12 21:52:52.743 [main] INFO  jdbc.resultset - 3. ResultSet.close() returned void
2020-08-12 21:52:52.743 [main] INFO  jdbc.audit - 3. Connection.getMetaData() returned com.mysql.cj.jdbc.DatabaseMetaData@4ca50bb9
2020-08-12 21:52:52.743 [main] INFO  jdbc.audit - 3. PreparedStatement.getMoreResults() returned false
2020-08-12 21:52:52.744 [main] INFO  jdbc.audit - 3. PreparedStatement.getUpdateCount() returned -1
2020-08-12 21:52:52.744 [main] INFO  jdbc.audit - 3. PreparedStatement.close() returned 
2020-08-12 21:52:52.744 [main] INFO  jdbc.audit - 3. Connection.clearWarnings() returned 
2020-08-12 21:52:52.744 [main] INFO  jdbc.audit - 3. Connection.isClosed() returned false
2020-08-12 21:52:52.759 [Thread-2] INFO  o.s.a.r.listener.SimpleMessageListenerContainer - Waiting for workers to finish.
2020-08-12 21:52:53.410 [Thread-2] INFO  o.s.a.r.listener.SimpleMessageListenerContainer - Successfully waited for workers to finish.
2020-08-12 21:52:53.418 [Thread-2] INFO  o.s.a.r.listener.SimpleMessageListenerContainer - Shutdown ignored - container is not active already
2020-08-12 21:52:53.423 [Thread-2] INFO  o.s.scheduling.concurrent.ThreadPoolTaskExecutor - Shutting down ExecutorService 'applicationTaskExecutor'
2020-08-12 21:52:58.439 [Curator-Framework-0] INFO  o.a.curator.framework.imps.CuratorFrameworkImpl - backgroundOperationsLoop exiting
2020-08-12 21:52:58.453 [Thread-2] INFO  org.apache.zookeeper.ZooKeeper - Session: 0x100010a28f7003f closed
2020-08-12 21:52:58.453 [main-EventThread] INFO  org.apache.zookeeper.ClientCnxn - EventThread shut down for session: 0x100010a28f7003f
2020-08-12 21:52:58.465 [Thread-2] INFO  o.s.orm.jpa.LocalContainerEntityManagerFactoryBean - Closing JPA EntityManagerFactory for persistence unit 'default'
2020-08-12 21:52:58.467 [Thread-2] INFO  com.alibaba.druid.pool.DruidDataSource - {dataSource-1} closing ...
2020-08-12 21:52:58.470 [Thread-2] INFO  jdbc.connection - 1. Connection closed
2020-08-12 21:52:58.471 [Thread-2] INFO  jdbc.audit - 1. Connection.close() returned 
2020-08-12 21:52:58.471 [Thread-2] INFO  jdbc.connection - 2. Connection closed
2020-08-12 21:52:58.471 [Thread-2] INFO  jdbc.audit - 2. Connection.close() returned 
2020-08-12 21:52:58.471 [Thread-2] INFO  jdbc.connection - 3. Connection closed
2020-08-12 21:52:58.471 [Thread-2] INFO  jdbc.audit - 3. Connection.close() returned 
2020-08-12 21:52:58.472 [Thread-2] INFO  com.alibaba.druid.pool.DruidDataSource - {dataSource-1} closed
2020-08-12 21:52:58.472 [Thread-2] INFO  o.s.beans.factory.support.DisposableBeanAdapter - Destroy method 'close' on bean with name 'jCacheCacheManager' threw an exception: java.lang.NullPointerException
